<?xml version="1.0" encoding="UTF-8"?>
<testsuite name="com.hospital.msuser.MsUserApplicationTests" tests="1" skipped="0" failures="0" errors="0" timestamp="2026-05-16T05:13:42" hostname="MacBook-Air-de-Elian.local" time="0.27">
  <properties/>
  <testcase name="contextLoads()" classname="com.hospital.msuser.MsUserApplicationTests" time="0.27"/>
  <system-out><![CDATA[01:13:40.792 [Test worker] INFO org.springframework.test.context.support.AnnotationConfigContextLoaderUtils -- Could not detect default configuration classes for test class [com.hospital.msuser.MsUserApplicationTests]: MsUserApplicationTests does not declare any static, non-private, non-final, nested classes annotated with @Configuration.
01:13:40.832 [Test worker] INFO org.springframework.boot.test.context.SpringBootTestContextBootstrapper -- Found @SpringBootConfiguration com.hospital.msuser.MsUserApplication for test class com.hospital.msuser.MsUserApplicationTests

  .   ____          _            __ _ _
 /\\ / ___'_ __ _ _(_)_ __  __ _ \ \ \ \
( ( )\___ | '_ | '_| | '_ \/ _` | \ \ \ \
 \\/  ___)| |_)| | | | | || (_| |  ) ) ) )
  '  |____| .__|_| |_|_| |_\__, | / / / /
 =========|_|==============|___/=/_/_/_/

 :: Spring Boot ::                (v3.4.5)

2026-05-16T01:13:41.176-04:00  INFO 49670 --- [    Test worker] c.h.msuser.MsUserApplicationTests        : Starting MsUserApplicationTests using Java 21.0.10 with PID 49670 (started by elian in /Users/elian/Documents/Ms-User)
2026-05-16T01:13:41.177-04:00  INFO 49670 --- [    Test worker] c.h.msuser.MsUserApplicationTests        : No active profile set, falling back to 1 default profile: "default"
2026-05-16T01:13:41.450-04:00  INFO 49670 --- [    Test worker] .s.d.r.c.RepositoryConfigurationDelegate : Bootstrapping Spring Data JPA repositories in DEFAULT mode.
2026-05-16T01:13:41.470-04:00  INFO 49670 --- [    Test worker] .s.d.r.c.RepositoryConfigurationDelegate : Finished Spring Data repository scanning in 16 ms. Found 1 JPA repository interface.
2026-05-16T01:13:41.539-04:00  INFO 49670 --- [    Test worker] o.s.cloud.context.scope.GenericScope     : BeanFactory id=128db834-f2cf-3e13-80de-2aa4174d8bde
2026-05-16T01:13:41.685-04:00  INFO 49670 --- [    Test worker] o.hibernate.jpa.internal.util.LogHelper  : HHH000204: Processing PersistenceUnitInfo [name: default]
2026-05-16T01:13:41.702-04:00  INFO 49670 --- [    Test worker] org.hibernate.Version                    : HHH000412: Hibernate ORM core version 6.6.13.Final
2026-05-16T01:13:41.713-04:00  INFO 49670 --- [    Test worker] o.h.c.internal.RegionFactoryInitiator    : HHH000026: Second-level cache disabled
2026-05-16T01:13:41.804-04:00  INFO 49670 --- [    Test worker] o.s.o.j.p.SpringPersistenceUnitInfo      : No LoadTimeWeaver setup: ignoring JPA class transformer
2026-05-16T01:13:41.814-04:00  INFO 49670 --- [    Test worker] com.zaxxer.hikari.HikariDataSource       : HikariPool-1 - Starting...
2026-05-16T01:13:41.879-04:00  INFO 49670 --- [    Test worker] com.zaxxer.hikari.pool.HikariPool        : HikariPool-1 - Added connection conn0: url=jdbc:h2:mem:testdb user=SA
2026-05-16T01:13:41.880-04:00  INFO 49670 --- [    Test worker] com.zaxxer.hikari.HikariDataSource       : HikariPool-1 - Start completed.
2026-05-16T01:13:41.904-04:00  INFO 49670 --- [    Test worker] org.hibernate.orm.connections.pooling    : HHH10001005: Database info:
	Database JDBC URL [Connecting through datasource 'HikariDataSource (HikariPool-1)']
	Database driver: undefined/unknown
	Database version: 2.3.232
	Autocommit mode: undefined/unknown
	Isolation level: undefined/unknown
	Minimum pool size: undefined/unknown
	Maximum pool size: undefined/unknown
2026-05-16T01:13:42.240-04:00  INFO 49670 --- [    Test worker] o.h.e.t.j.p.i.JtaPlatformInitiator       : HHH000489: No JTA platform available (set 'hibernate.transaction.jta.platform' to enable JTA platform integration)
2026-05-16T01:13:42.253-04:00  INFO 49670 --- [    Test worker] j.LocalContainerEntityManagerFactoryBean : Initialized JPA EntityManagerFactory for persistence unit 'default'
2026-05-16T01:13:42.429-04:00  WARN 49670 --- [    Test worker] JpaBaseConfiguration$JpaWebConfiguration : spring.jpa.open-in-view is enabled by default. Therefore, database queries may be performed during view rendering. Explicitly configure spring.jpa.open-in-view to disable this warning
2026-05-16T01:13:42.704-04:00  INFO 49670 --- [    Test worker] c.h.msuser.MsUserApplicationTests        : Started MsUserApplicationTests in 1.675 seconds (process running for 2.28)
]]></system-out>
  <system-err><![CDATA[Mockito is currently self-attaching to enable the inline-mock-maker. This will no longer work in future releases of the JDK. Please add Mockito as an agent to your build what is described in Mockito's documentation: https://javadoc.io/doc/org.mockito/mockito-core/latest/org/mockito/Mockito.html#0.3
WARNING: A Java agent has been loaded dynamically (/Users/elian/.gradle/caches/modules-2/files-2.1/net.bytebuddy/byte-buddy-agent/1.15.11/a38b16385e867f59a641330f0362ebe742788ed8/byte-buddy-agent-1.15.11.jar)
WARNING: If a serviceability tool is in use, please run with -XX:+EnableDynamicAgentLoading to hide this warning
WARNING: If a serviceability tool is not in use, please run with -Djdk.instrument.traceUsage for more information
WARNING: Dynamic loading of agents will be disallowed by default in a future release
]]></system-err>
</testsuite>
