<?xml version="1.0" encoding="UTF-8"?>
<testsuite name="com.hospital.msuser.controller.UserControllerTest" tests="11" skipped="0" failures="0" errors="0" timestamp="2026-05-16T05:13:43" hostname="MacBook-Air-de-Elian.local" time="0.204">
  <properties/>
  <testcase name="getAll_returnsOkWithList()" classname="com.hospital.msuser.controller.UserControllerTest" time="0.077"/>
  <testcase name="update_returnsOk()" classname="com.hospital.msuser.controller.UserControllerTest" time="0.027"/>
  <testcase name="deactivate_returnsNoContent()" classname="com.hospital.msuser.controller.UserControllerTest" time="0.003"/>
  <testcase name="register_duplicateEmail_returnsConflict()" classname="com.hospital.msuser.controller.UserControllerTest" time="0.041"/>
  <testcase name="getAll_emptyList_returnsOk()" classname="com.hospital.msuser.controller.UserControllerTest" time="0.003"/>
  <testcase name="getById_notFound_returns404()" classname="com.hospital.msuser.controller.UserControllerTest" time="0.003"/>
  <testcase name="update_notFound_returns404()" classname="com.hospital.msuser.controller.UserControllerTest" time="0.009"/>
  <testcase name="register_withInvalidBody_returnsBadRequest()" classname="com.hospital.msuser.controller.UserControllerTest" time="0.018"/>
  <testcase name="deactivate_notFound_returns404()" classname="com.hospital.msuser.controller.UserControllerTest" time="0.004"/>
  <testcase name="register_returnsCreated()" classname="com.hospital.msuser.controller.UserControllerTest" time="0.007"/>
  <testcase name="getById_found_returnsOk()" classname="com.hospital.msuser.controller.UserControllerTest" time="0.003"/>
  <system-out><![CDATA[2026-05-16T01:13:43.182-04:00  INFO 49670 --- [    Test worker] t.c.s.AnnotationConfigContextLoaderUtils : Could not detect default configuration classes for test class [com.hospital.msuser.controller.UserControllerTest]: UserControllerTest does not declare any static, non-private, non-final, nested classes annotated with @Configuration.
2026-05-16T01:13:43.219-04:00  INFO 49670 --- [    Test worker] .b.t.c.SpringBootTestContextBootstrapper : Found @SpringBootConfiguration com.hospital.msuser.MsUserApplication for test class com.hospital.msuser.controller.UserControllerTest
2026-05-16T01:13:43.231-04:00  INFO 49670 --- [    Test worker] m.p.springdotenv.DotenvPropertySource    : Initialized Dotenv with DotenvConfig{directory=null, filename=null, ignoreIfMalformed=false, ignoreIfMissing=true, systemProperties=false, prefix=null}

  .   ____          _            __ _ _
 /\\ / ___'_ __ _ _(_)_ __  __ _ \ \ \ \
( ( )\___ | '_ | '_| | '_ \/ _` | \ \ \ \
 \\/  ___)| |_)| | | | | || (_| |  ) ) ) )
  '  |____| .__|_| |_|_| |_\__, | / / / /
 =========|_|==============|___/=/_/_/_/

 :: Spring Boot ::                (v3.4.5)

2026-05-16T01:13:43.270-04:00  INFO 49670 --- [    Test worker] c.h.m.controller.UserControllerTest      : Starting UserControllerTest using Java 21.0.10 with PID 49670 (started by elian in /Users/elian/Documents/Ms-User)
2026-05-16T01:13:43.270-04:00  INFO 49670 --- [    Test worker] c.h.m.controller.UserControllerTest      : No active profile set, falling back to 1 default profile: "default"
2026-05-16T01:13:43.585-04:00  INFO 49670 --- [    Test worker] o.s.b.t.m.w.SpringBootMockServletContext : Initializing Spring TestDispatcherServlet ''
2026-05-16T01:13:43.586-04:00  INFO 49670 --- [    Test worker] o.s.t.web.servlet.TestDispatcherServlet  : Initializing Servlet ''
2026-05-16T01:13:43.587-04:00  INFO 49670 --- [    Test worker] o.s.t.web.servlet.TestDispatcherServlet  : Completed initialization in 0 ms
2026-05-16T01:13:43.596-04:00  INFO 49670 --- [    Test worker] c.h.m.controller.UserControllerTest      : Started UserControllerTest in 0.373 seconds (process running for 3.172)
]]></system-out>
  <system-err><![CDATA[]]></system-err>
</testsuite>
